[debug] [2020-09-11T18:26:37.610Z] ----------------------------------------------------------------------
[debug] [2020-09-11T18:26:37.613Z] Command:       C:\Program Files\nodejs\node.exe C:\Users\Familia\AppData\Roaming\npm\node_modules\firebase-tools\lib\bin\firebase.js deploy
[debug] [2020-09-11T18:26:37.614Z] CLI Version:   8.10.0
[debug] [2020-09-11T18:26:37.614Z] Platform:      win32
[debug] [2020-09-11T18:26:37.614Z] Node Version:  v12.18.3
[debug] [2020-09-11T18:26:37.616Z] Time:          Fri Sep 11 2020 12:26:37 GMT-0600 (GMT-06:00)
[debug] [2020-09-11T18:26:37.616Z] ----------------------------------------------------------------------
[debug] [2020-09-11T18:26:37.616Z] 
[debug] [2020-09-11T18:26:37.627Z] > command requires scopes: ["email","openid","https://www.googleapis.com/auth/cloudplatformprojects.readonly","https://www.googleapis.com/auth/firebase","https://www.googleapis.com/auth/cloud-platform"]
[debug] [2020-09-11T18:26:37.628Z] > authorizing via signed-in user
[debug] [2020-09-11T18:26:37.628Z] [iam] checking project crudangularfirebase-62fa0 for permissions ["firebase.projects.get","firebasehosting.sites.update"]
[debug] [2020-09-11T18:26:37.633Z] >>> HTTP REQUEST POST https://cloudresourcemanager.googleapis.com/v1/projects/crudangularfirebase-62fa0:testIamPermissions  
 {"permissions":["firebase.projects.get","firebasehosting.sites.update"]}
[debug] [2020-09-11T18:26:38.577Z] <<< HTTP RESPONSE 200 {"content-type":"application/json; charset=UTF-8","vary":"X-Origin, Referer, Origin,Accept-Encoding","date":"Fri, 11 Sep 2020 18:26:41 GMT","server":"ESF","cache-control":"private","x-xss-protection":"0","x-frame-options":"SAMEORIGIN","x-content-type-options":"nosniff","server-timing":"gfet4t7; dur=251","alt-svc":"h3-29=\":443\"; ma=2592000,h3-27=\":443\"; ma=2592000,h3-T051=\":443\"; ma=2592000,h3-T050=\":443\"; ma=2592000,h3-Q050=\":443\"; ma=2592000,h3-Q046=\":443\"; ma=2592000,h3-Q043=\":443\"; ma=2592000,quic=\":443\"; ma=2592000; v=\"46,43\"","accept-ranges":"none","transfer-encoding":"chunked"}
[debug] [2020-09-11T18:26:38.580Z] >>> HTTP REQUEST GET https://firebase.googleapis.com/v1beta1/projects/crudangularfirebase-62fa0  
 
[debug] [2020-09-11T18:26:39.439Z] <<< HTTP RESPONSE 200 {"content-type":"application/json; charset=UTF-8","vary":"X-Origin, Referer, Origin,Accept-Encoding","date":"Fri, 11 Sep 2020 18:26:42 GMT","server":"ESF","cache-control":"private","x-xss-protection":"0","x-frame-options":"SAMEORIGIN","x-content-type-options":"nosniff","alt-svc":"h3-29=\":443\"; ma=2592000,h3-27=\":443\"; ma=2592000,h3-T051=\":443\"; ma=2592000,h3-T050=\":443\"; ma=2592000,h3-Q050=\":443\"; ma=2592000,h3-Q046=\":443\"; ma=2592000,h3-Q043=\":443\"; ma=2592000,quic=\":443\"; ma=2592000; v=\"46,43\"","accept-ranges":"none","transfer-encoding":"chunked"}
[info] 
[info] === Deploying to 'crudangularfirebase-62fa0'...
[info] 
[info] i  deploying hosting 
[debug] [2020-09-11T18:26:39.448Z] >>> HTTP REQUEST POST https://firebasehosting.googleapis.com/v1beta1/sites/crudangularfirebase-62fa0/versions  
 {"config":{"rewrites":[{"glob":"**","path":"/index.html"}]},"labels":{"deployment-tool":"cli-firebase"}}
[debug] [2020-09-11T18:26:44.824Z] Error: getaddrinfo ENOTFOUND firebasehosting.googleapis.com
    at GetAddrInfoReqWrap.onlookup [as oncomplete] (dns.js:66:26)
[error] 
[error] Error: Server Error. getaddrinfo ENOTFOUND firebasehosting.googleapis.com
